<?xml version="1.0" encoding="UTF-8"?>
<testsuite name="com.jojoldu.book.springboot.HelloControllerTest" tests="2" skipped="0" failures="0" errors="0" timestamp="2020-08-02T11:10:10" hostname="DESKTOP-Q5D6OEE" time="0.99">
  <properties/>
  <testcase name="hello가_리턴된다" classname="com.jojoldu.book.springboot.HelloControllerTest" time="0.504"/>
  <testcase name="helloDto가_리턴된다" classname="com.jojoldu.book.springboot.HelloControllerTest" time="0.484"/>
  <system-out><![CDATA[2020-08-02 20:10:04.637  INFO 728 --- [    Test worker] .b.t.a.w.s.WebMvcTestContextBootstrapper : Neither @ContextConfiguration nor @ContextHierarchy found for test class [com.jojoldu.book.springboot.HelloControllerTest], using SpringBootContextLoader
2020-08-02 20:10:04.641  INFO 728 --- [    Test worker] o.s.t.c.support.AbstractContextLoader    : Could not detect default resource locations for test class [com.jojoldu.book.springboot.HelloControllerTest]: no resource found for suffixes {-context.xml, Context.groovy}.
2020-08-02 20:10:04.641  INFO 728 --- [    Test worker] t.c.s.AnnotationConfigContextLoaderUtils : Could not detect default configuration classes for test class [com.jojoldu.book.springboot.HelloControllerTest]: HelloControllerTest does not declare any static, non-private, non-final, nested classes annotated with @Configuration.
2020-08-02 20:10:04.719  INFO 728 --- [    Test worker] .b.t.c.SpringBootTestContextBootstrapper : Found @SpringBootConfiguration com.jojoldu.book.springboot.Application for test class com.jojoldu.book.springboot.HelloControllerTest
2020-08-02 20:10:04.753  INFO 728 --- [    Test worker] .b.t.a.w.s.WebMvcTestContextBootstrapper : Loaded default TestExecutionListener class names from location [META-INF/spring.factories]: [org.springframework.security.test.context.support.WithSecurityContextTestExecutionListener, org.springframework.security.test.context.support.ReactorContextTestExecutionListener, org.springframework.boot.test.autoconfigure.restdocs.RestDocsTestExecutionListener, org.springframework.boot.test.autoconfigure.web.client.MockRestServiceServerResetTestExecutionListener, org.springframework.boot.test.autoconfigure.web.servlet.MockMvcPrintOnlyOnFailureTestExecutionListener, org.springframework.boot.test.autoconfigure.web.servlet.WebDriverTestExecutionListener, org.springframework.boot.test.mock.mockito.MockitoTestExecutionListener, org.springframework.boot.test.mock.mockito.ResetMocksTestExecutionListener, org.springframework.test.context.web.ServletTestExecutionListener, org.springframework.test.context.support.DirtiesContextBeforeModesTestExecutionListener, org.springframework.test.context.support.DependencyInjectionTestExecutionListener, org.springframework.test.context.support.DirtiesContextTestExecutionListener, org.springframework.test.context.transaction.TransactionalTestExecutionListener, org.springframework.test.context.jdbc.SqlScriptsTestExecutionListener]
2020-08-02 20:10:04.761  INFO 728 --- [    Test worker] .b.t.a.w.s.WebMvcTestContextBootstrapper : Using TestExecutionListeners: [org.springframework.test.context.web.ServletTestExecutionListener@15187c83, org.springframework.test.context.support.DirtiesContextBeforeModesTestExecutionListener@4a5e93af, org.springframework.boot.test.mock.mockito.MockitoTestExecutionListener@220762ce, org.springframework.boot.test.autoconfigure.SpringBootDependencyInjectionTestExecutionListener@655509d, org.springframework.test.context.support.DirtiesContextTestExecutionListener@507fd8b0, org.springframework.test.context.transaction.TransactionalTestExecutionListener@6e02fafb, org.springframework.test.context.jdbc.SqlScriptsTestExecutionListener@770ae4e7, org.springframework.security.test.context.support.WithSecurityContextTestExecutionListener@5bf79323, org.springframework.security.test.context.support.ReactorContextTestExecutionListener@75e36ab5, org.springframework.boot.test.autoconfigure.restdocs.RestDocsTestExecutionListener@ccf93d0, org.springframework.boot.test.autoconfigure.web.client.MockRestServiceServerResetTestExecutionListener@2c427372, org.springframework.boot.test.autoconfigure.web.servlet.MockMvcPrintOnlyOnFailureTestExecutionListener@4b4b9352, org.springframework.boot.test.autoconfigure.web.servlet.WebDriverTestExecutionListener@2593ee4c, org.springframework.boot.test.mock.mockito.ResetMocksTestExecutionListener@5532a83d]

  .   ____          _            __ _ _
 /\\ / ___'_ __ _ _(_)_ __  __ _ \ \ \ \
( ( )\___ | '_ | '_| | '_ \/ _` | \ \ \ \
 \\/  ___)| |_)| | | | | || (_| |  ) ) ) )
  '  |____| .__|_| |_|_| |_\__, | / / / /
 =========|_|==============|___/=/_/_/_/
 :: Spring Boot ::        (v2.1.7.RELEASE)

2020-08-02 20:10:04.963  INFO 728 --- [    Test worker] c.j.book.springboot.HelloControllerTest  : Starting HelloControllerTest on DESKTOP-Q5D6OEE with PID 728 (started by user in C:\Users\user\Desktop\Web-Service\web-service)
2020-08-02 20:10:04.968  INFO 728 --- [    Test worker] c.j.book.springboot.HelloControllerTest  : No active profile set, falling back to default profiles: default
2020-08-02 20:10:07.388  INFO 728 --- [    Test worker] o.s.s.concurrent.ThreadPoolTaskExecutor  : Initializing ExecutorService 'applicationTaskExecutor'
2020-08-02 20:10:07.561  INFO 728 --- [    Test worker] o.s.b.a.w.s.WelcomePageHandlerMapping    : Adding welcome page template: index
2020-08-02 20:10:08.594  INFO 728 --- [    Test worker] .s.s.UserDetailsServiceAutoConfiguration : 

Using generated security password: 2bbf5ae5-8cec-4ca2-9dc4-65df27aa0a2e

2020-08-02 20:10:09.610  INFO 728 --- [    Test worker] o.s.s.web.DefaultSecurityFilterChain     : Creating filter chain: any request, [org.springframework.security.web.context.request.async.WebAsyncManagerIntegrationFilter@51f39e5c, org.springframework.security.web.context.SecurityContextPersistenceFilter@566147c9, org.springframework.security.web.header.HeaderWriterFilter@3fd9c003, org.springframework.security.web.csrf.CsrfFilter@5c5c1606, org.springframework.security.web.authentication.logout.LogoutFilter@38b6dbaf, org.springframework.security.web.authentication.UsernamePasswordAuthenticationFilter@3a4bc56e, org.springframework.security.web.authentication.ui.DefaultLoginPageGeneratingFilter@55cd50f6, org.springframework.security.web.authentication.ui.DefaultLogoutPageGeneratingFilter@795da332, org.springframework.security.web.authentication.www.BasicAuthenticationFilter@54df013, org.springframework.security.web.savedrequest.RequestCacheAwareFilter@6fc9e51d, org.springframework.security.web.servletapi.SecurityContextHolderAwareRequestFilter@1ee1f93f, org.springframework.security.web.authentication.AnonymousAuthenticationFilter@137a1962, org.springframework.security.web.session.SessionManagementFilter@3090dd8, org.springframework.security.web.access.ExceptionTranslationFilter@5c9cb1a1, org.springframework.security.web.access.intercept.FilterSecurityInterceptor@2621291b]
2020-08-02 20:10:09.849  INFO 728 --- [    Test worker] o.s.b.t.m.w.SpringBootMockServletContext : Initializing Spring TestDispatcherServlet ''
2020-08-02 20:10:09.850  INFO 728 --- [    Test worker] o.s.t.web.servlet.TestDispatcherServlet  : Initializing Servlet ''
2020-08-02 20:10:09.929  INFO 728 --- [    Test worker] o.s.t.web.servlet.TestDispatcherServlet  : Completed initialization in 78 ms
2020-08-02 20:10:10.217  INFO 728 --- [    Test worker] c.j.book.springboot.HelloControllerTest  : Started HelloControllerTest in 5.433 seconds (JVM running for 42.311)
]]></system-out>
  <system-err><![CDATA[]]></system-err>
</testsuite>
